c:\users\mati\documents\visual studio 2013\projects\run\run\release\vc120.pdb
c:\users\mati\documents\visual studio 2013\projects\run\run\release\ustawienia.obj
c:\users\mati\documents\visual studio 2013\projects\run\run\release\statystyki.obj
c:\users\mati\documents\visual studio 2013\projects\run\run\release\nowy_cel.obj
c:\users\mati\documents\visual studio 2013\projects\run\run\release\myform.obj
c:\users\mati\documents\visual studio 2013\projects\run\run\release\kalkulator.obj
c:\users\mati\documents\visual studio 2013\projects\run\run\release\historia.obj
c:\users\mati\documents\visual studio 2013\projects\run\run\release\dodanie.obj
c:\users\mati\documents\visual studio 2013\projects\run\run\release\cele.obj
c:\users\mati\documents\visual studio 2013\projects\run\run\release\buty.obj
c:\users\mati\documents\visual studio 2013\projects\run\run\release\.netframework,version=v4.5.assemblyattributes.obj
c:\users\mati\documents\visual studio 2013\projects\run\release\run.exe
c:\users\mati\documents\visual studio 2013\projects\run\release\run.pdb
c:\users\mati\documents\visual studio 2013\projects\run\run\release\run.buty.resources
c:\users\mati\documents\visual studio 2013\projects\run\run\release\run.cele.resources
c:\users\mati\documents\visual studio 2013\projects\run\run\release\run.dodanie.resources
c:\users\mati\documents\visual studio 2013\projects\run\run\release\run.historia.resources
c:\users\mati\documents\visual studio 2013\projects\run\run\release\run.kalkulator.resources
c:\users\mati\documents\visual studio 2013\projects\run\run\release\run.myform.resources
c:\users\mati\documents\visual studio 2013\projects\run\run\release\run.nowy_cel.resources
c:\users\mati\documents\visual studio 2013\projects\run\run\release\run.statystyki.resources
c:\users\mati\documents\visual studio 2013\projects\run\run\release\run.ustawienia.resources
c:\users\mati\documents\visual studio 2013\projects\run\run\release\run.vcxproj.generateresource.cache
c:\users\mati\documents\visual studio 2013\projects\run\run\release\run.vcxprojresolveassemblyreference.cache
c:\users\mati\documents\visual studio 2013\projects\run\run\release\run.tlog\cl.command.1.tlog
c:\users\mati\documents\visual studio 2013\projects\run\run\release\run.tlog\cl.read.1.tlog
c:\users\mati\documents\visual studio 2013\projects\run\run\release\run.tlog\cl.write.1.tlog
c:\users\mati\documents\visual studio 2013\projects\run\run\release\run.tlog\link.command.1.tlog
c:\users\mati\documents\visual studio 2013\projects\run\run\release\run.tlog\link.read.1.tlog
c:\users\mati\documents\visual studio 2013\projects\run\run\release\run.tlog\link.write.1.tlog
c:\users\mati\documents\visual studio 2013\projects\run\run\release\run.tlog\metagen.read.1.tlog
c:\users\mati\documents\visual studio 2013\projects\run\run\release\run.tlog\metagen.write.1.tlog
c:\users\mati\documents\visual studio 2013\projects\run\run\release\run.tlog\run.write.1u.tlog
c:\users\mati\documents\visual studio 2013\projects\run\run\release\run.tlog\rsaenh.dll.bi
c:\users\mati\documents\visual studio 2013\projects\run\run\release\run.tlog\tzres.dll.bi
