c:\users\mati\documents\visual studio 2013\projects\run\run\debug\vc120.pdb
c:\users\mati\documents\visual studio 2013\projects\run\run\debug\.netframework,version=v4.5.assemblyattributes.obj
c:\users\mati\documents\visual studio 2013\projects\run\run\debug\myform.obj
c:\users\mati\documents\visual studio 2013\projects\run\run\debug\historia.obj
c:\users\mati\documents\visual studio 2013\projects\run\run\debug\dodanie.obj
c:\users\mati\documents\visual studio 2013\projects\run\run\debug\cele.obj
c:\users\mati\documents\visual studio 2013\projects\run\run\debug\buty.obj
c:\users\mati\documents\visual studio 2013\projects\run\run\debug\ustawienia.obj
c:\users\mati\documents\visual studio 2013\projects\run\run\debug\statystyki.obj
c:\users\mati\documents\visual studio 2013\projects\run\run\debug\kalkulator.obj
c:\users\mati\documents\visual studio 2013\projects\run\run\debug\nowy_cel.obj
c:\users\mati\documents\visual studio 2013\projects\run\debug\run.exe
c:\users\mati\documents\visual studio 2013\projects\run\debug\run.pdb
c:\users\mati\documents\visual studio 2013\projects\run\run\debug\run.myform.resources
c:\users\mati\documents\visual studio 2013\projects\run\run\debug\run.dodanie.resources
c:\users\mati\documents\visual studio 2013\projects\run\run\debug\run.buty.resources
c:\users\mati\documents\visual studio 2013\projects\run\run\debug\run.ustawienia.resources
c:\users\mati\documents\visual studio 2013\projects\run\run\debug\run.historia.resources
c:\users\mati\documents\visual studio 2013\projects\run\run\debug\run.cele.resources
c:\users\mati\documents\visual studio 2013\projects\run\run\debug\run.statystyki.resources
c:\users\mati\documents\visual studio 2013\projects\run\run\debug\run.kalkulator.resources
c:\users\mati\documents\visual studio 2013\projects\run\run\debug\run.nowy_cel.resources
c:\users\mati\documents\visual studio 2013\projects\run\run\debug\run.vcxproj.generateresource.cache
c:\users\mati\documents\visual studio 2013\projects\run\run\debug\run.vcxprojresolveassemblyreference.cache
c:\users\mati\documents\visual studio 2013\projects\run\run\debug\run.tlog\cl.command.1.tlog
c:\users\mati\documents\visual studio 2013\projects\run\run\debug\run.tlog\cl.read.1.tlog
c:\users\mati\documents\visual studio 2013\projects\run\run\debug\run.tlog\cl.write.1.tlog
c:\users\mati\documents\visual studio 2013\projects\run\run\debug\run.tlog\link.command.1.tlog
c:\users\mati\documents\visual studio 2013\projects\run\run\debug\run.tlog\link.read.1.tlog
c:\users\mati\documents\visual studio 2013\projects\run\run\debug\run.tlog\link.write.1.tlog
c:\users\mati\documents\visual studio 2013\projects\run\run\debug\run.tlog\metagen.read.1.tlog
c:\users\mati\documents\visual studio 2013\projects\run\run\debug\run.tlog\metagen.write.1.tlog
c:\users\mati\documents\visual studio 2013\projects\run\run\debug\run.tlog\run.write.1u.tlog
c:\users\mati\documents\visual studio 2013\projects\run\run\debug\run.tlog\rsaenh.dll.bi
c:\users\mati\documents\visual studio 2013\projects\run\run\debug\run.tlog\tzres.dll.bi
